commit b699c0550ebd0a547e08294c76eba01de80bfdf7
Author: Sebastian Aristizabal Cast <sebastian.aristizabalc@udea.edu.co>
Date:   Tue Jul 18 14:28:47 2023 -0500

    Agregando dos parrafos

commit 2b82fd4224433de6ee1edd5c2fc8968494a3ff3e
Merge: e4d4306 ac10cc3
Author: Sebastian Aristizabal Cast <sebastian.aristizabalc@udea.edu.co>
Date:   Tue Jul 18 14:26:40 2023 -0500

    Resolviendo conflicto  estaciones del año con fecha de inicio

commit e4d4306bd1be21e5fe55fca084bdc5b73e8afaa4
Author: Sebastian Aristizabal Cast <sebastian.aristizabalc@udea.edu.co>
Date:   Tue Jul 18 14:16:56 2023 -0500

    Agregando estaciones del año con fecha de inicio

commit ac10cc3eed8374c6af4466923561b0c76b3932df
Author: Sebastian Aristizabal Cast <sebastian.aristizabalc@udea.edu.co>
Date:   Tue Jul 18 14:16:56 2023 -0500

    Agregando las estaciones del año

commit e4461ba2ecb6ab33f91ab8fded9a1ad4a82033ec
Merge: ce14a02 2d065d0
Author: Sebastian Aristizabal Cast <sebastian.aristizabalc@udea.edu.co>
Date:   Tue Jul 18 14:13:36 2023 -0500

    Resolviendo conflicto merge main/html en el documento index.html

commit 2d065d01585d0392653a9f44349fd2d8fc88eb3d
Author: Sebastian Aristizabal Cast <sebastian.aristizabalc@udea.edu.co>
Date:   Tue Jul 18 14:09:20 2023 -0500

    Agregando index.js al index.html

commit ce14a0220a706ea35fa2ab28ffc137b8a52f08c4
Author: Sebastian Aristizabal Cast <sebastian.aristizabalc@udea.edu.co>
Date:   Tue Jul 18 14:07:32 2023 -0500

    Agregando style.css al index.html

commit 3e10a8eda46a9631b47abb00ac18d95339cba4df
Merge: bcde232 b70b311
Author: Sebastian Aristizabal Cast <sebastian.aristizabalc@udea.edu.co>
Date:   Tue Jul 18 14:01:44 2023 -0500

    Merge branch 'js'

commit b70b3119a17e231689b20559b9d43ca85545b20f
Author: Sebastian Aristizabal Cast <sebastian.aristizabalc@udea.edu.co>
Date:   Tue Jul 18 13:58:16 2023 -0500

    Creando index.js

commit bcde2327a01e1087558e311c5d283320a1c6760d
Author: Sebastian Aristizabal Cast <sebastian.aristizabalc@udea.edu.co>
Date:   Tue Jul 18 13:54:43 2023 -0500

    Creando style .css

commit d71ed5bddfd5b6135ab31f30bf99b94524fe24aa
Author: Sebastian Aristizabal Cast <sebastian.aristizabalc@udea.edu.co>
Date:   Mon Jul 17 17:48:45 2023 -0500

    Creando index.html

commit 792468971bc2da57b8bf3ff955d3211113883f7b
Author: Sebastian Aristizabal Cast <sebastian.aristizabalc@udea.edu.co>
Date:   Mon Jul 17 17:38:11 2023 -0500

    eliminando exe

commit 0c8276e2b725d4cbc588d06c407ce1c2c0bb8315
Author: Sebastian Aristizabal Cast <sebastian.aristizabalc@udea.edu.co>
Date:   Mon Jul 17 17:36:49 2023 -0500

    Ignorando archivos .exe ahora si

commit 7a3cd17d65616ae9ec0815c0269c81fa8156b1ca
Author: Sebastian Aristizabal Cast <sebastian.aristizabalc@udea.edu.co>
Date:   Mon Jul 17 17:34:49 2023 -0500

    Ignorando archivos .exe

commit e80f1f488c27d3d8caab5cc1429b59760c591bc7
Author: Sebudea <107740368+sebudea@users.noreply.github.com>
Date:   Mon Jul 17 17:07:37 2023 -0500

    Creando licencia del repositorio

commit 173714a761d0c76f10366e766b9f93ea0e4613b9
Author: Sebastian Aristizabal Cast <sebastian.aristizabalc@udea.edu.co>
Date:   Mon Jul 17 17:02:41 2023 -0500

    Agregando mas contenido al README

commit df5ff2dbfa59eb15352a1ce25e60624c3b83e08b
Author: Sebastian Aristizabal Cast <sebastian.aristizabalc@udea.edu.co>
Date:   Mon Jul 17 16:56:19 2023 -0500

    Agregando contenido inicial al readme

commit 2707779948f9ca93d5d614b27aa93dd0f140f84a
Author: Sebastian Aristizabal Cast <sebastian.aristizabalc@udea.edu.co>
Date:   Mon Jul 17 16:52:51 2023 -0500

    Primer commit :)
